<?xml version="1.0" encoding="UTF-8"?>
<!-- Generated by org.testng.reporters.JUnitReportReporter -->
<testsuite hostname="DESKTOP-8Q8B8GH" failures="0" tests="1" name="Tests.addItemsToCartTest" time="3.936" errors="0" timestamp="2025-04-07T14:52:57 SAST" skipped="0">
  <testcase classname="Tests.addItemsToCartTest" name="addItems" time="3.936"/>
</testsuite> <!-- Tests.addItemsToCartTest -->
