<?xml version="1.0" encoding="UTF-8"?>
<!-- Generated by org.testng.reporters.JUnitReportReporter -->
<testsuite hostname="DESKTOP-8Q8B8GH" failures="0" tests="1" name="Tests.InvokeBrowser" time="4.372" errors="0" timestamp="2025-04-07T10:16:01 SAST" skipped="0">
  <testcase classname="Tests.InvokeBrowser" name="loginAppTest" time="4.372"/>
</testsuite> <!-- Tests.InvokeBrowser -->
