<?xml version="1.0" encoding="UTF-8"?>
<!-- Generated by org.testng.reporters.JUnitReportReporter -->
<testsuite hostname="DESKTOP-8Q8B8GH" failures="0" tests="1" name="Tests.LoginTest" time="3.632" errors="0" timestamp="2025-04-07T14:52:57 SAST" skipped="0">
  <testcase classname="Tests.LoginTest" name="loginAppTest" time="3.632"/>
</testsuite> <!-- Tests.LoginTest -->
